CRITICAL - 2022-11-13 01:53:13 --> The framework needs the following extension(s) installed and loaded: intl.
#0 C:\xampp\htdocs\crud\api\system\CodeIgniter.php(219): CodeIgniter\Exceptions\FrameworkException::forMissingExtension('intl')
#1 C:\xampp\htdocs\crud\api\system\CodeIgniter.php(177): CodeIgniter\CodeIgniter->resolvePlatformExtensions()
#2 C:\xampp\htdocs\crud\api\system\bootstrap.php(146): CodeIgniter\CodeIgniter->initialize()
#3 C:\xampp\htdocs\crud\api\index.php(28): require('C:\\xampp\\htdocs...')
#4 {main}
CRITICAL - 2022-11-13 01:53:52 --> The framework needs the following extension(s) installed and loaded: intl.
#0 C:\xampp\htdocs\crud\api\system\CodeIgniter.php(219): CodeIgniter\Exceptions\FrameworkException::forMissingExtension('intl')
#1 C:\xampp\htdocs\crud\api\system\CodeIgniter.php(177): CodeIgniter\CodeIgniter->resolvePlatformExtensions()
#2 C:\xampp\htdocs\crud\api\system\bootstrap.php(146): CodeIgniter\CodeIgniter->initialize()
#3 C:\xampp\htdocs\crud\api\index.php(28): require('C:\\xampp\\htdocs...')
#4 {main}
CRITICAL - 2022-11-13 01:53:57 --> The framework needs the following extension(s) installed and loaded: intl.
#0 C:\xampp\htdocs\crud\api\system\CodeIgniter.php(219): CodeIgniter\Exceptions\FrameworkException::forMissingExtension('intl')
#1 C:\xampp\htdocs\crud\api\system\CodeIgniter.php(177): CodeIgniter\CodeIgniter->resolvePlatformExtensions()
#2 C:\xampp\htdocs\crud\api\system\bootstrap.php(146): CodeIgniter\CodeIgniter->initialize()
#3 C:\xampp\htdocs\crud\api\index.php(28): require('C:\\xampp\\htdocs...')
#4 {main}
CRITICAL - 2022-11-13 01:53:59 --> The framework needs the following extension(s) installed and loaded: intl.
#0 C:\xampp\htdocs\crud\api\system\CodeIgniter.php(219): CodeIgniter\Exceptions\FrameworkException::forMissingExtension('intl')
#1 C:\xampp\htdocs\crud\api\system\CodeIgniter.php(177): CodeIgniter\CodeIgniter->resolvePlatformExtensions()
#2 C:\xampp\htdocs\crud\api\system\bootstrap.php(146): CodeIgniter\CodeIgniter->initialize()
#3 C:\xampp\htdocs\crud\api\index.php(28): require('C:\\xampp\\htdocs...')
#4 {main}
CRITICAL - 2022-11-13 01:54:00 --> The framework needs the following extension(s) installed and loaded: intl.
#0 C:\xampp\htdocs\crud\api\system\CodeIgniter.php(219): CodeIgniter\Exceptions\FrameworkException::forMissingExtension('intl')
#1 C:\xampp\htdocs\crud\api\system\CodeIgniter.php(177): CodeIgniter\CodeIgniter->resolvePlatformExtensions()
#2 C:\xampp\htdocs\crud\api\system\bootstrap.php(146): CodeIgniter\CodeIgniter->initialize()
#3 C:\xampp\htdocs\crud\api\index.php(28): require('C:\\xampp\\htdocs...')
#4 {main}
CRITICAL - 2022-11-13 01:54:00 --> The framework needs the following extension(s) installed and loaded: intl.
#0 C:\xampp\htdocs\crud\api\system\CodeIgniter.php(219): CodeIgniter\Exceptions\FrameworkException::forMissingExtension('intl')
#1 C:\xampp\htdocs\crud\api\system\CodeIgniter.php(177): CodeIgniter\CodeIgniter->resolvePlatformExtensions()
#2 C:\xampp\htdocs\crud\api\system\bootstrap.php(146): CodeIgniter\CodeIgniter->initialize()
#3 C:\xampp\htdocs\crud\api\index.php(28): require('C:\\xampp\\htdocs...')
#4 {main}
CRITICAL - 2022-11-13 01:54:01 --> The framework needs the following extension(s) installed and loaded: intl.
#0 C:\xampp\htdocs\crud\api\system\CodeIgniter.php(219): CodeIgniter\Exceptions\FrameworkException::forMissingExtension('intl')
#1 C:\xampp\htdocs\crud\api\system\CodeIgniter.php(177): CodeIgniter\CodeIgniter->resolvePlatformExtensions()
#2 C:\xampp\htdocs\crud\api\system\bootstrap.php(146): CodeIgniter\CodeIgniter->initialize()
#3 C:\xampp\htdocs\crud\api\index.php(28): require('C:\\xampp\\htdocs...')
#4 {main}
CRITICAL - 2022-11-13 01:54:02 --> The framework needs the following extension(s) installed and loaded: intl.
#0 C:\xampp\htdocs\crud\api\system\CodeIgniter.php(219): CodeIgniter\Exceptions\FrameworkException::forMissingExtension('intl')
#1 C:\xampp\htdocs\crud\api\system\CodeIgniter.php(177): CodeIgniter\CodeIgniter->resolvePlatformExtensions()
#2 C:\xampp\htdocs\crud\api\system\bootstrap.php(146): CodeIgniter\CodeIgniter->initialize()
#3 C:\xampp\htdocs\crud\api\index.php(28): require('C:\\xampp\\htdocs...')
#4 {main}
CRITICAL - 2022-11-13 01:54:02 --> The framework needs the following extension(s) installed and loaded: intl.
#0 C:\xampp\htdocs\crud\api\system\CodeIgniter.php(219): CodeIgniter\Exceptions\FrameworkException::forMissingExtension('intl')
#1 C:\xampp\htdocs\crud\api\system\CodeIgniter.php(177): CodeIgniter\CodeIgniter->resolvePlatformExtensions()
#2 C:\xampp\htdocs\crud\api\system\bootstrap.php(146): CodeIgniter\CodeIgniter->initialize()
#3 C:\xampp\htdocs\crud\api\index.php(28): require('C:\\xampp\\htdocs...')
#4 {main}
CRITICAL - 2022-11-13 01:54:02 --> The framework needs the following extension(s) installed and loaded: intl.
#0 C:\xampp\htdocs\crud\api\system\CodeIgniter.php(219): CodeIgniter\Exceptions\FrameworkException::forMissingExtension('intl')
#1 C:\xampp\htdocs\crud\api\system\CodeIgniter.php(177): CodeIgniter\CodeIgniter->resolvePlatformExtensions()
#2 C:\xampp\htdocs\crud\api\system\bootstrap.php(146): CodeIgniter\CodeIgniter->initialize()
#3 C:\xampp\htdocs\crud\api\index.php(28): require('C:\\xampp\\htdocs...')
#4 {main}
CRITICAL - 2022-11-13 01:54:04 --> The framework needs the following extension(s) installed and loaded: intl.
#0 C:\xampp\htdocs\crud\api\system\CodeIgniter.php(219): CodeIgniter\Exceptions\FrameworkException::forMissingExtension('intl')
#1 C:\xampp\htdocs\crud\api\system\CodeIgniter.php(177): CodeIgniter\CodeIgniter->resolvePlatformExtensions()
#2 C:\xampp\htdocs\crud\api\system\bootstrap.php(146): CodeIgniter\CodeIgniter->initialize()
#3 C:\xampp\htdocs\crud\api\index.php(28): require('C:\\xampp\\htdocs...')
#4 {main}
CRITICAL - 2022-11-13 02:32:16 --> The framework needs the following extension(s) installed and loaded: intl.
#0 C:\xampp\htdocs\crud\api\system\CodeIgniter.php(219): CodeIgniter\Exceptions\FrameworkException::forMissingExtension('intl')
#1 C:\xampp\htdocs\crud\api\system\CodeIgniter.php(177): CodeIgniter\CodeIgniter->resolvePlatformExtensions()
#2 C:\xampp\htdocs\crud\api\system\bootstrap.php(146): CodeIgniter\CodeIgniter->initialize()
#3 C:\xampp\htdocs\crud\api\index.php(28): require('C:\\xampp\\htdocs...')
#4 {main}
CRITICAL - 2022-11-13 02:32:29 --> The framework needs the following extension(s) installed and loaded: intl.
#0 C:\xampp\htdocs\crud\api\system\CodeIgniter.php(219): CodeIgniter\Exceptions\FrameworkException::forMissingExtension('intl')
#1 C:\xampp\htdocs\crud\api\system\CodeIgniter.php(177): CodeIgniter\CodeIgniter->resolvePlatformExtensions()
#2 C:\xampp\htdocs\crud\api\system\bootstrap.php(146): CodeIgniter\CodeIgniter->initialize()
#3 C:\xampp\htdocs\crud\api\index.php(28): require('C:\\xampp\\htdocs...')
#4 {main}
CRITICAL - 2022-11-13 02:32:30 --> The framework needs the following extension(s) installed and loaded: intl.
#0 C:\xampp\htdocs\crud\api\system\CodeIgniter.php(219): CodeIgniter\Exceptions\FrameworkException::forMissingExtension('intl')
#1 C:\xampp\htdocs\crud\api\system\CodeIgniter.php(177): CodeIgniter\CodeIgniter->resolvePlatformExtensions()
#2 C:\xampp\htdocs\crud\api\system\bootstrap.php(146): CodeIgniter\CodeIgniter->initialize()
#3 C:\xampp\htdocs\crud\api\index.php(28): require('C:\\xampp\\htdocs...')
#4 {main}
CRITICAL - 2022-11-13 02:32:30 --> The framework needs the following extension(s) installed and loaded: intl.
#0 C:\xampp\htdocs\crud\api\system\CodeIgniter.php(219): CodeIgniter\Exceptions\FrameworkException::forMissingExtension('intl')
#1 C:\xampp\htdocs\crud\api\system\CodeIgniter.php(177): CodeIgniter\CodeIgniter->resolvePlatformExtensions()
#2 C:\xampp\htdocs\crud\api\system\bootstrap.php(146): CodeIgniter\CodeIgniter->initialize()
#3 C:\xampp\htdocs\crud\api\index.php(28): require('C:\\xampp\\htdocs...')
#4 {main}
CRITICAL - 2022-11-13 02:32:30 --> The framework needs the following extension(s) installed and loaded: intl.
#0 C:\xampp\htdocs\crud\api\system\CodeIgniter.php(219): CodeIgniter\Exceptions\FrameworkException::forMissingExtension('intl')
#1 C:\xampp\htdocs\crud\api\system\CodeIgniter.php(177): CodeIgniter\CodeIgniter->resolvePlatformExtensions()
#2 C:\xampp\htdocs\crud\api\system\bootstrap.php(146): CodeIgniter\CodeIgniter->initialize()
#3 C:\xampp\htdocs\crud\api\index.php(28): require('C:\\xampp\\htdocs...')
#4 {main}
CRITICAL - 2022-11-13 02:32:30 --> The framework needs the following extension(s) installed and loaded: intl.
#0 C:\xampp\htdocs\crud\api\system\CodeIgniter.php(219): CodeIgniter\Exceptions\FrameworkException::forMissingExtension('intl')
#1 C:\xampp\htdocs\crud\api\system\CodeIgniter.php(177): CodeIgniter\CodeIgniter->resolvePlatformExtensions()
#2 C:\xampp\htdocs\crud\api\system\bootstrap.php(146): CodeIgniter\CodeIgniter->initialize()
#3 C:\xampp\htdocs\crud\api\index.php(28): require('C:\\xampp\\htdocs...')
#4 {main}
CRITICAL - 2022-11-13 02:32:30 --> The framework needs the following extension(s) installed and loaded: intl.
#0 C:\xampp\htdocs\crud\api\system\CodeIgniter.php(219): CodeIgniter\Exceptions\FrameworkException::forMissingExtension('intl')
#1 C:\xampp\htdocs\crud\api\system\CodeIgniter.php(177): CodeIgniter\CodeIgniter->resolvePlatformExtensions()
#2 C:\xampp\htdocs\crud\api\system\bootstrap.php(146): CodeIgniter\CodeIgniter->initialize()
#3 C:\xampp\htdocs\crud\api\index.php(28): require('C:\\xampp\\htdocs...')
#4 {main}
CRITICAL - 2022-11-13 02:32:30 --> The framework needs the following extension(s) installed and loaded: intl.
#0 C:\xampp\htdocs\crud\api\system\CodeIgniter.php(219): CodeIgniter\Exceptions\FrameworkException::forMissingExtension('intl')
#1 C:\xampp\htdocs\crud\api\system\CodeIgniter.php(177): CodeIgniter\CodeIgniter->resolvePlatformExtensions()
#2 C:\xampp\htdocs\crud\api\system\bootstrap.php(146): CodeIgniter\CodeIgniter->initialize()
#3 C:\xampp\htdocs\crud\api\index.php(28): require('C:\\xampp\\htdocs...')
#4 {main}
CRITICAL - 2022-11-13 02:54:49 --> The framework needs the following extension(s) installed and loaded: intl.
#0 C:\xampp\htdocs\crud\api\system\CodeIgniter.php(219): CodeIgniter\Exceptions\FrameworkException::forMissingExtension('intl')
#1 C:\xampp\htdocs\crud\api\system\CodeIgniter.php(177): CodeIgniter\CodeIgniter->resolvePlatformExtensions()
#2 C:\xampp\htdocs\crud\api\system\bootstrap.php(146): CodeIgniter\CodeIgniter->initialize()
#3 C:\xampp\htdocs\crud\api\index.php(28): require('C:\\xampp\\htdocs...')
#4 {main}
CRITICAL - 2022-11-13 02:54:50 --> The framework needs the following extension(s) installed and loaded: intl.
#0 C:\xampp\htdocs\crud\api\system\CodeIgniter.php(219): CodeIgniter\Exceptions\FrameworkException::forMissingExtension('intl')
#1 C:\xampp\htdocs\crud\api\system\CodeIgniter.php(177): CodeIgniter\CodeIgniter->resolvePlatformExtensions()
#2 C:\xampp\htdocs\crud\api\system\bootstrap.php(146): CodeIgniter\CodeIgniter->initialize()
#3 C:\xampp\htdocs\crud\api\index.php(28): require('C:\\xampp\\htdocs...')
#4 {main}
CRITICAL - 2022-11-13 02:54:51 --> The framework needs the following extension(s) installed and loaded: intl.
#0 C:\xampp\htdocs\crud\api\system\CodeIgniter.php(219): CodeIgniter\Exceptions\FrameworkException::forMissingExtension('intl')
#1 C:\xampp\htdocs\crud\api\system\CodeIgniter.php(177): CodeIgniter\CodeIgniter->resolvePlatformExtensions()
#2 C:\xampp\htdocs\crud\api\system\bootstrap.php(146): CodeIgniter\CodeIgniter->initialize()
#3 C:\xampp\htdocs\crud\api\index.php(28): require('C:\\xampp\\htdocs...')
#4 {main}
CRITICAL - 2022-11-13 02:54:51 --> The framework needs the following extension(s) installed and loaded: intl.
#0 C:\xampp\htdocs\crud\api\system\CodeIgniter.php(219): CodeIgniter\Exceptions\FrameworkException::forMissingExtension('intl')
#1 C:\xampp\htdocs\crud\api\system\CodeIgniter.php(177): CodeIgniter\CodeIgniter->resolvePlatformExtensions()
#2 C:\xampp\htdocs\crud\api\system\bootstrap.php(146): CodeIgniter\CodeIgniter->initialize()
#3 C:\xampp\htdocs\crud\api\index.php(28): require('C:\\xampp\\htdocs...')
#4 {main}
CRITICAL - 2022-11-13 02:54:51 --> The framework needs the following extension(s) installed and loaded: intl.
#0 C:\xampp\htdocs\crud\api\system\CodeIgniter.php(219): CodeIgniter\Exceptions\FrameworkException::forMissingExtension('intl')
#1 C:\xampp\htdocs\crud\api\system\CodeIgniter.php(177): CodeIgniter\CodeIgniter->resolvePlatformExtensions()
#2 C:\xampp\htdocs\crud\api\system\bootstrap.php(146): CodeIgniter\CodeIgniter->initialize()
#3 C:\xampp\htdocs\crud\api\index.php(28): require('C:\\xampp\\htdocs...')
#4 {main}
CRITICAL - 2022-11-13 02:54:52 --> The framework needs the following extension(s) installed and loaded: intl.
#0 C:\xampp\htdocs\crud\api\system\CodeIgniter.php(219): CodeIgniter\Exceptions\FrameworkException::forMissingExtension('intl')
#1 C:\xampp\htdocs\crud\api\system\CodeIgniter.php(177): CodeIgniter\CodeIgniter->resolvePlatformExtensions()
#2 C:\xampp\htdocs\crud\api\system\bootstrap.php(146): CodeIgniter\CodeIgniter->initialize()
#3 C:\xampp\htdocs\crud\api\index.php(28): require('C:\\xampp\\htdocs...')
#4 {main}
