CRITICAL - 2022-11-20 17:23:44 --> There is no data to insert.
#0 C:\xampp\htdocs\grades\api\system\BaseModel.php(718): CodeIgniter\Database\Exceptions\DataException::forEmptyDataset('insert')
#1 C:\xampp\htdocs\grades\api\system\Model.php(625): CodeIgniter\BaseModel->insert(Array, true)
#2 C:\xampp\htdocs\grades\api\app\Controllers\Grades.php(55): CodeIgniter\Model->insert(Array)
#3 C:\xampp\htdocs\grades\api\system\CodeIgniter.php(832): App\Controllers\Grades->create()
#4 C:\xampp\htdocs\grades\api\system\CodeIgniter.php(419): CodeIgniter\CodeIgniter->runController(Object(App\Controllers\Grades))
#5 C:\xampp\htdocs\grades\api\system\CodeIgniter.php(326): CodeIgniter\CodeIgniter->handleRequest(NULL, Object(Config\Cache), false)
#6 C:\xampp\htdocs\grades\api\index.php(37): CodeIgniter\CodeIgniter->run()
#7 {main}
CRITICAL - 2022-11-20 17:23:45 --> There is no data to insert.
#0 C:\xampp\htdocs\grades\api\system\BaseModel.php(718): CodeIgniter\Database\Exceptions\DataException::forEmptyDataset('insert')
#1 C:\xampp\htdocs\grades\api\system\Model.php(625): CodeIgniter\BaseModel->insert(Array, true)
#2 C:\xampp\htdocs\grades\api\app\Controllers\Grades.php(55): CodeIgniter\Model->insert(Array)
#3 C:\xampp\htdocs\grades\api\system\CodeIgniter.php(832): App\Controllers\Grades->create()
#4 C:\xampp\htdocs\grades\api\system\CodeIgniter.php(419): CodeIgniter\CodeIgniter->runController(Object(App\Controllers\Grades))
#5 C:\xampp\htdocs\grades\api\system\CodeIgniter.php(326): CodeIgniter\CodeIgniter->handleRequest(NULL, Object(Config\Cache), false)
#6 C:\xampp\htdocs\grades\api\index.php(37): CodeIgniter\CodeIgniter->run()
#7 {main}
ERROR - 2022-11-20 17:24:28 --> Unknown column 'sname' in 'field list'
ERROR - 2022-11-20 17:24:47 --> Unknown column 'sname' in 'field list'
ERROR - 2022-11-20 17:25:35 --> Unknown column 'sname' in 'field list'
