CRITICAL - 2022-11-19 07:41:04 --> The framework needs the following extension(s) installed and loaded: intl.
#0 C:\xampp\htdocs\crud\api\system\CodeIgniter.php(219): CodeIgniter\Exceptions\FrameworkException::forMissingExtension('intl')
#1 C:\xampp\htdocs\crud\api\system\CodeIgniter.php(177): CodeIgniter\CodeIgniter->resolvePlatformExtensions()
#2 C:\xampp\htdocs\crud\api\system\bootstrap.php(146): CodeIgniter\CodeIgniter->initialize()
#3 C:\xampp\htdocs\crud\api\index.php(28): require('C:\\xampp\\htdocs...')
#4 {main}
CRITICAL - 2022-11-19 07:41:46 --> The framework needs the following extension(s) installed and loaded: intl.
#0 C:\xampp\htdocs\crud\api\system\CodeIgniter.php(219): CodeIgniter\Exceptions\FrameworkException::forMissingExtension('intl')
#1 C:\xampp\htdocs\crud\api\system\CodeIgniter.php(177): CodeIgniter\CodeIgniter->resolvePlatformExtensions()
#2 C:\xampp\htdocs\crud\api\system\bootstrap.php(146): CodeIgniter\CodeIgniter->initialize()
#3 C:\xampp\htdocs\crud\api\index.php(28): require('C:\\xampp\\htdocs...')
#4 {main}
CRITICAL - 2022-11-19 07:41:47 --> The framework needs the following extension(s) installed and loaded: intl.
#0 C:\xampp\htdocs\crud\api\system\CodeIgniter.php(219): CodeIgniter\Exceptions\FrameworkException::forMissingExtension('intl')
#1 C:\xampp\htdocs\crud\api\system\CodeIgniter.php(177): CodeIgniter\CodeIgniter->resolvePlatformExtensions()
#2 C:\xampp\htdocs\crud\api\system\bootstrap.php(146): CodeIgniter\CodeIgniter->initialize()
#3 C:\xampp\htdocs\crud\api\index.php(28): require('C:\\xampp\\htdocs...')
#4 {main}
CRITICAL - 2022-11-19 07:41:47 --> The framework needs the following extension(s) installed and loaded: intl.
#0 C:\xampp\htdocs\crud\api\system\CodeIgniter.php(219): CodeIgniter\Exceptions\FrameworkException::forMissingExtension('intl')
#1 C:\xampp\htdocs\crud\api\system\CodeIgniter.php(177): CodeIgniter\CodeIgniter->resolvePlatformExtensions()
#2 C:\xampp\htdocs\crud\api\system\bootstrap.php(146): CodeIgniter\CodeIgniter->initialize()
#3 C:\xampp\htdocs\crud\api\index.php(28): require('C:\\xampp\\htdocs...')
#4 {main}
CRITICAL - 2022-11-19 07:41:47 --> The framework needs the following extension(s) installed and loaded: intl.
#0 C:\xampp\htdocs\crud\api\system\CodeIgniter.php(219): CodeIgniter\Exceptions\FrameworkException::forMissingExtension('intl')
#1 C:\xampp\htdocs\crud\api\system\CodeIgniter.php(177): CodeIgniter\CodeIgniter->resolvePlatformExtensions()
#2 C:\xampp\htdocs\crud\api\system\bootstrap.php(146): CodeIgniter\CodeIgniter->initialize()
#3 C:\xampp\htdocs\crud\api\index.php(28): require('C:\\xampp\\htdocs...')
#4 {main}
CRITICAL - 2022-11-19 07:41:47 --> The framework needs the following extension(s) installed and loaded: intl.
#0 C:\xampp\htdocs\crud\api\system\CodeIgniter.php(219): CodeIgniter\Exceptions\FrameworkException::forMissingExtension('intl')
#1 C:\xampp\htdocs\crud\api\system\CodeIgniter.php(177): CodeIgniter\CodeIgniter->resolvePlatformExtensions()
#2 C:\xampp\htdocs\crud\api\system\bootstrap.php(146): CodeIgniter\CodeIgniter->initialize()
#3 C:\xampp\htdocs\crud\api\index.php(28): require('C:\\xampp\\htdocs...')
#4 {main}
CRITICAL - 2022-11-19 07:41:47 --> The framework needs the following extension(s) installed and loaded: intl.
#0 C:\xampp\htdocs\crud\api\system\CodeIgniter.php(219): CodeIgniter\Exceptions\FrameworkException::forMissingExtension('intl')
#1 C:\xampp\htdocs\crud\api\system\CodeIgniter.php(177): CodeIgniter\CodeIgniter->resolvePlatformExtensions()
#2 C:\xampp\htdocs\crud\api\system\bootstrap.php(146): CodeIgniter\CodeIgniter->initialize()
#3 C:\xampp\htdocs\crud\api\index.php(28): require('C:\\xampp\\htdocs...')
#4 {main}
CRITICAL - 2022-11-19 07:41:48 --> The framework needs the following extension(s) installed and loaded: intl.
#0 C:\xampp\htdocs\crud\api\system\CodeIgniter.php(219): CodeIgniter\Exceptions\FrameworkException::forMissingExtension('intl')
#1 C:\xampp\htdocs\crud\api\system\CodeIgniter.php(177): CodeIgniter\CodeIgniter->resolvePlatformExtensions()
#2 C:\xampp\htdocs\crud\api\system\bootstrap.php(146): CodeIgniter\CodeIgniter->initialize()
#3 C:\xampp\htdocs\crud\api\index.php(28): require('C:\\xampp\\htdocs...')
#4 {main}
CRITICAL - 2022-11-19 07:44:46 --> The framework needs the following extension(s) installed and loaded: intl.
#0 C:\xampp\htdocs\crud\api\system\CodeIgniter.php(219): CodeIgniter\Exceptions\FrameworkException::forMissingExtension('intl')
#1 C:\xampp\htdocs\crud\api\system\CodeIgniter.php(177): CodeIgniter\CodeIgniter->resolvePlatformExtensions()
#2 C:\xampp\htdocs\crud\api\system\bootstrap.php(146): CodeIgniter\CodeIgniter->initialize()
#3 C:\xampp\htdocs\crud\api\index.php(28): require('C:\\xampp\\htdocs...')
#4 {main}
CRITICAL - 2022-11-19 07:44:46 --> The framework needs the following extension(s) installed and loaded: intl.
#0 C:\xampp\htdocs\crud\api\system\CodeIgniter.php(219): CodeIgniter\Exceptions\FrameworkException::forMissingExtension('intl')
#1 C:\xampp\htdocs\crud\api\system\CodeIgniter.php(177): CodeIgniter\CodeIgniter->resolvePlatformExtensions()
#2 C:\xampp\htdocs\crud\api\system\bootstrap.php(146): CodeIgniter\CodeIgniter->initialize()
#3 C:\xampp\htdocs\crud\api\index.php(28): require('C:\\xampp\\htdocs...')
#4 {main}
CRITICAL - 2022-11-19 07:44:46 --> The framework needs the following extension(s) installed and loaded: intl.
#0 C:\xampp\htdocs\crud\api\system\CodeIgniter.php(219): CodeIgniter\Exceptions\FrameworkException::forMissingExtension('intl')
#1 C:\xampp\htdocs\crud\api\system\CodeIgniter.php(177): CodeIgniter\CodeIgniter->resolvePlatformExtensions()
#2 C:\xampp\htdocs\crud\api\system\bootstrap.php(146): CodeIgniter\CodeIgniter->initialize()
#3 C:\xampp\htdocs\crud\api\index.php(28): require('C:\\xampp\\htdocs...')
#4 {main}
CRITICAL - 2022-11-19 07:44:46 --> The framework needs the following extension(s) installed and loaded: intl.
#0 C:\xampp\htdocs\crud\api\system\CodeIgniter.php(219): CodeIgniter\Exceptions\FrameworkException::forMissingExtension('intl')
#1 C:\xampp\htdocs\crud\api\system\CodeIgniter.php(177): CodeIgniter\CodeIgniter->resolvePlatformExtensions()
#2 C:\xampp\htdocs\crud\api\system\bootstrap.php(146): CodeIgniter\CodeIgniter->initialize()
#3 C:\xampp\htdocs\crud\api\index.php(28): require('C:\\xampp\\htdocs...')
#4 {main}
CRITICAL - 2022-11-19 07:44:46 --> The framework needs the following extension(s) installed and loaded: intl.
#0 C:\xampp\htdocs\crud\api\system\CodeIgniter.php(219): CodeIgniter\Exceptions\FrameworkException::forMissingExtension('intl')
#1 C:\xampp\htdocs\crud\api\system\CodeIgniter.php(177): CodeIgniter\CodeIgniter->resolvePlatformExtensions()
#2 C:\xampp\htdocs\crud\api\system\bootstrap.php(146): CodeIgniter\CodeIgniter->initialize()
#3 C:\xampp\htdocs\crud\api\index.php(28): require('C:\\xampp\\htdocs...')
#4 {main}
CRITICAL - 2022-11-19 07:44:48 --> The framework needs the following extension(s) installed and loaded: intl.
#0 C:\xampp\htdocs\crud\api\system\CodeIgniter.php(219): CodeIgniter\Exceptions\FrameworkException::forMissingExtension('intl')
#1 C:\xampp\htdocs\crud\api\system\CodeIgniter.php(177): CodeIgniter\CodeIgniter->resolvePlatformExtensions()
#2 C:\xampp\htdocs\crud\api\system\bootstrap.php(146): CodeIgniter\CodeIgniter->initialize()
#3 C:\xampp\htdocs\crud\api\index.php(28): require('C:\\xampp\\htdocs...')
#4 {main}
CRITICAL - 2022-11-19 08:04:11 --> The framework needs the following extension(s) installed and loaded: intl.
#0 C:\xampp\htdocs\grades\api\system\CodeIgniter.php(219): CodeIgniter\Exceptions\FrameworkException::forMissingExtension('intl')
#1 C:\xampp\htdocs\grades\api\system\CodeIgniter.php(177): CodeIgniter\CodeIgniter->resolvePlatformExtensions()
#2 C:\xampp\htdocs\grades\api\system\bootstrap.php(146): CodeIgniter\CodeIgniter->initialize()
#3 C:\xampp\htdocs\grades\api\index.php(28): require('C:\\xampp\\htdocs...')
#4 {main}
CRITICAL - 2022-11-19 08:05:48 --> The framework needs the following extension(s) installed and loaded: intl.
#0 C:\xampp\htdocs\grades\api\system\CodeIgniter.php(219): CodeIgniter\Exceptions\FrameworkException::forMissingExtension('intl')
#1 C:\xampp\htdocs\grades\api\system\CodeIgniter.php(177): CodeIgniter\CodeIgniter->resolvePlatformExtensions()
#2 C:\xampp\htdocs\grades\api\system\bootstrap.php(146): CodeIgniter\CodeIgniter->initialize()
#3 C:\xampp\htdocs\grades\api\index.php(28): require('C:\\xampp\\htdocs...')
#4 {main}
CRITICAL - 2022-11-19 08:05:49 --> The framework needs the following extension(s) installed and loaded: intl.
#0 C:\xampp\htdocs\grades\api\system\CodeIgniter.php(219): CodeIgniter\Exceptions\FrameworkException::forMissingExtension('intl')
#1 C:\xampp\htdocs\grades\api\system\CodeIgniter.php(177): CodeIgniter\CodeIgniter->resolvePlatformExtensions()
#2 C:\xampp\htdocs\grades\api\system\bootstrap.php(146): CodeIgniter\CodeIgniter->initialize()
#3 C:\xampp\htdocs\grades\api\index.php(28): require('C:\\xampp\\htdocs...')
#4 {main}
CRITICAL - 2022-11-19 08:06:08 --> The framework needs the following extension(s) installed and loaded: intl.
#0 C:\xampp\htdocs\grades\api\system\CodeIgniter.php(219): CodeIgniter\Exceptions\FrameworkException::forMissingExtension('intl')
#1 C:\xampp\htdocs\grades\api\system\CodeIgniter.php(177): CodeIgniter\CodeIgniter->resolvePlatformExtensions()
#2 C:\xampp\htdocs\grades\api\system\bootstrap.php(146): CodeIgniter\CodeIgniter->initialize()
#3 C:\xampp\htdocs\grades\api\index.php(28): require('C:\\xampp\\htdocs...')
#4 {main}
CRITICAL - 2022-11-19 08:06:13 --> The framework needs the following extension(s) installed and loaded: intl.
#0 C:\xampp\htdocs\grades\api\system\CodeIgniter.php(219): CodeIgniter\Exceptions\FrameworkException::forMissingExtension('intl')
#1 C:\xampp\htdocs\grades\api\system\CodeIgniter.php(177): CodeIgniter\CodeIgniter->resolvePlatformExtensions()
#2 C:\xampp\htdocs\grades\api\system\bootstrap.php(146): CodeIgniter\CodeIgniter->initialize()
#3 C:\xampp\htdocs\grades\api\index.php(28): require('C:\\xampp\\htdocs...')
#4 {main}
CRITICAL - 2022-11-19 08:06:24 --> The framework needs the following extension(s) installed and loaded: intl.
#0 C:\xampp\htdocs\grades\api\system\CodeIgniter.php(219): CodeIgniter\Exceptions\FrameworkException::forMissingExtension('intl')
#1 C:\xampp\htdocs\grades\api\system\CodeIgniter.php(177): CodeIgniter\CodeIgniter->resolvePlatformExtensions()
#2 C:\xampp\htdocs\grades\api\system\bootstrap.php(146): CodeIgniter\CodeIgniter->initialize()
#3 C:\xampp\htdocs\grades\api\index.php(28): require('C:\\xampp\\htdocs...')
#4 {main}
